Starting NMTRAN
  
 WARNINGS AND ERRORS (IF ANY) FOR PROBLEM    1
             
 (WARNING  2) NM-TRAN INFERS THAT THE DATA ARE POPULATION.
             
 (WARNING  79) SIGMA IS USED ON THE RIGHT. WITH A SUBSEQUENT RUN, IF AN
 INITIAL ESTIMATE OF A DIAGONAL BLOCK OF SIGMA IS TO BE COMPUTED BY
 NONMEM, THAT BLOCK WILL BE SET TO AN IDENTITY MATRIX DURING THAT
 COMPUTATION. THIS COULD LEAD TO AN ARITHMETIC EXCEPTION.*

 * THE MAXIMUM NUMBER OF WARNINGS OF ONE OR MORE TYPES WAS REACHED.
 IT IS POSSIBLE THAT SOME WARNING MESSAGES WERE SUPPRESSED.

 LIM VALUES MAXLIM ASSESSED BY NMTRAN: 1,2,3,4,5,6,7,8,10,11,13,15,16        
  
Note: Analytical 2nd Derivatives are constructed in FSUBS but are never used.
      You may insert $ABBR DERIV2=NO after the first $PROB to save FSUBS construction and compilation time
  
Recompiling certain components
Building NONMEM Executable
Starting nonmem execution ...
License Registered to: A2-Ai LLC
Expiration Date:    14 FEB 2025
Current Date:       26 AUG 2024
Days until program expires : 173


 First Order Conditional Estimation
 MONITORING OF SEARCH:


0ITERATION NO.:    0    OBJECTIVE VALUE:   83343.4947968269        NO. OF FUNC. EVALS.:   6
 CUMULATIVE NO. OF FUNC. EVALS.:        6
 NPARAMETR:  5.0000E-01  2.0000E+01  9.0000E-02  2.0250E-01  5.0000E-02  5.0000E-02
 PARAMETER:  1.0000E-01  1.0000E-01  1.0000E-01  1.0000E-01  1.0000E-01  1.0000E-01
 GRADIENT:   2.2903E+04  1.2506E+05  6.8920E-01 -1.9738E+03 -1.4673E+05 -1.7806E+03

0ITERATION NO.:    5    OBJECTIVE VALUE:   15864.5379775989        NO. OF FUNC. EVALS.:  35
 CUMULATIVE NO. OF FUNC. EVALS.:       41
 NPARAMETR:  3.2936E-01  6.2783E+00  7.2199E-02  2.4000E-01  9.7624E-02  4.4637E-02
 PARAMETER: -3.1744E-01 -1.0586E+00 -1.0193E-02  1.8496E-01  4.3455E-01  4.3273E-02
 GRADIENT:   1.5741E+03  6.3496E+03 -5.4372E+01 -2.3429E+02 -7.8360E+03 -6.0650E+00

0ITERATION NO.:   10    OBJECTIVE VALUE:   13213.6954014659        NO. OF FUNC. EVALS.:  43
 CUMULATIVE NO. OF FUNC. EVALS.:       84
 NPARAMETR:  3.5453E-01  2.7255E+00  6.5423E-02  8.7328E-02  1.6796E-01  5.0000E-06
 PARAMETER: -2.4382E-01 -1.8931E+00 -5.9470E-02 -3.2054E-01  7.0586E-01 -3.8092E+01
 GRADIENT:  -2.4205E+02  4.1978E+01 -1.3847E+01  3.5105E+01  5.1556E+01  0.0000E+00

0ITERATION NO.:   15    OBJECTIVE VALUE:   13201.4289071751        NO. OF FUNC. EVALS.:  37
 CUMULATIVE NO. OF FUNC. EVALS.:      121
 NPARAMETR:  3.8161E-01  2.8254E+00  6.3979E-02  5.1744E-02  1.8768E-01  5.0000E-06
 PARAMETER: -1.7021E-01 -1.8571E+00 -7.0630E-02 -5.8222E-01  7.6136E-01 -3.8099E+01
 GRADIENT:   3.9092E+01  9.4844E+00 -2.5709E-01  2.4617E+00 -3.8656E+01  0.0000E+00

0ITERATION NO.:   20    OBJECTIVE VALUE:   13201.2710896186        NO. OF FUNC. EVALS.:  48
 CUMULATIVE NO. OF FUNC. EVALS.:      169
 NPARAMETR:  3.8162E-01  2.8264E+00  6.4017E-02  4.9583E-02  1.9017E-01  5.0000E-06
 PARAMETER: -1.7018E-01 -1.8567E+00 -7.0327E-02 -6.0354E-01  7.6795E-01 -3.8155E+01
 GRADIENT:  -2.7318E+00 -2.4401E+00  9.0187E-03 -3.0811E-02  1.3271E+00  0.0000E+00

0ITERATION NO.:   22    OBJECTIVE VALUE:   13201.2679787196        NO. OF FUNC. EVALS.:  20
 CUMULATIVE NO. OF FUNC. EVALS.:      189
 NPARAMETR:  3.8219E-01  2.8308E+00  6.3901E-02  4.9800E-02  1.9066E-01  5.0000E-06
 PARAMETER: -1.6869E-01 -1.8552E+00 -7.1240E-02 -6.0137E-01  7.6925E-01 -3.8157E+01
 GRADIENT:  -1.3819E-01  6.8688E-02 -1.3066E-03 -5.0964E-03  5.1185E-02  0.0000E+00
 Elapsed estimation  time in seconds:     4.04
 Elapsed postprocess time in seconds:     0.06
 Elapsed finaloutput time in seconds:     0.07
Done with nonmem execution
